[debug] [2022-10-31T11:47:47.420Z] ----------------------------------------------------------------------
[debug] [2022-10-31T11:47:47.422Z] Command:       C:\Desktop\programs\nodejs\node.exe C:\Users\andre\AppData\Roaming\npm\node_modules\firebase-tools\lib\bin\firebase.js deploy
[debug] [2022-10-31T11:47:47.423Z] CLI Version:   11.15.0
[debug] [2022-10-31T11:47:47.423Z] Platform:      win32
[debug] [2022-10-31T11:47:47.423Z] Node Version:  v18.12.0
[debug] [2022-10-31T11:47:47.436Z] Time:          Mon Oct 31 2022 12:47:47 GMT+0100 (Ora standard dell’Europa centrale)
[debug] [2022-10-31T11:47:47.437Z] ----------------------------------------------------------------------
[debug] 
[debug] [2022-10-31T11:47:47.519Z] > command requires scopes: ["email","openid","https://www.googleapis.com/auth/cloudplatformprojects.readonly","https://www.googleapis.com/auth/firebase","https://www.googleapis.com/auth/cloud-platform"]
[debug] [2022-10-31T11:47:47.519Z] > authorizing via signed-in user (andredelo99@gmail.com)
[debug] [2022-10-31T11:47:47.520Z] [iam] checking project blipquiz for permissions ["firebase.projects.get","firebasehosting.sites.update"]
[debug] [2022-10-31T11:47:47.523Z] >>> [apiv2][query] POST https://cloudresourcemanager.googleapis.com/v1/projects/blipquiz:testIamPermissions [none]
[debug] [2022-10-31T11:47:47.524Z] >>> [apiv2][(partial)header] POST https://cloudresourcemanager.googleapis.com/v1/projects/blipquiz:testIamPermissions x-goog-quota-user=projects/blipquiz
[debug] [2022-10-31T11:47:47.524Z] >>> [apiv2][body] POST https://cloudresourcemanager.googleapis.com/v1/projects/blipquiz:testIamPermissions {"permissions":["firebase.projects.get","firebasehosting.sites.update"]}
[debug] [2022-10-31T11:47:48.536Z] <<< [apiv2][status] POST https://cloudresourcemanager.googleapis.com/v1/projects/blipquiz:testIamPermissions 200
[debug] [2022-10-31T11:47:48.537Z] <<< [apiv2][body] POST https://cloudresourcemanager.googleapis.com/v1/projects/blipquiz:testIamPermissions {"permissions":["firebase.projects.get","firebasehosting.sites.update"]}
[debug] [2022-10-31T11:47:48.539Z] >>> [apiv2][query] GET https://firebase.googleapis.com/v1beta1/projects/blipquiz [none]
[debug] [2022-10-31T11:47:48.898Z] <<< [apiv2][status] GET https://firebase.googleapis.com/v1beta1/projects/blipquiz 200
[debug] [2022-10-31T11:47:48.898Z] <<< [apiv2][body] GET https://firebase.googleapis.com/v1beta1/projects/blipquiz {"projectId":"blipquiz","projectNumber":"747854309345","displayName":"BlipQuiz","name":"projects/blipquiz","resources":{"hostingSite":"blipquiz","storageBucket":"blipquiz.appspot.com","locationId":"europe-west"},"state":"ACTIVE","etag":"1_cd42231a-59f6-4940-b5df-8812e23d0730"}
[info] 
[info] === Deploying to 'blipquiz'...
[info] 
[info] i  deploying hosting 
[debug] [2022-10-31T11:47:48.907Z] >>> [apiv2][query] POST https://firebasehosting.googleapis.com/v1beta1/projects/-/sites/blipquiz/versions [none]
[debug] [2022-10-31T11:47:48.907Z] >>> [apiv2][body] POST https://firebasehosting.googleapis.com/v1beta1/projects/-/sites/blipquiz/versions {"status":"CREATED","labels":{"deployment-tool":"cli-firebase"}}
[debug] [2022-10-31T11:47:50.501Z] <<< [apiv2][status] POST https://firebasehosting.googleapis.com/v1beta1/projects/-/sites/blipquiz/versions 200
[debug] [2022-10-31T11:47:50.502Z] <<< [apiv2][body] POST https://firebasehosting.googleapis.com/v1beta1/projects/-/sites/blipquiz/versions {"name":"projects/747854309345/sites/blipquiz/versions/b7de960e8c7861da","status":"CREATED","config":{},"labels":{"deployment-tool":"cli-firebase"}}
[info] i  hosting[blipquiz]: beginning deploy... 
[info] i  hosting[blipquiz]: found 21 files in frontend/build 
[debug] [2022-10-31T11:47:50.540Z] [hosting] uploading with 200 concurrency
[debug] [2022-10-31T11:47:50.541Z] [hosting] hash cache [ZnJvbnRlbmRcYnVpbGQ] not populated
[debug] [2022-10-31T11:47:50.757Z] [hosting] hash cache [ZnJvbnRlbmRcYnVpbGQ] stored for 21 files
[debug] [2022-10-31T11:47:50.757Z] [hosting][hash queue][FINAL] {"max":208,"min":43,"avg":55.999999999999986,"active":0,"complete":21,"success":21,"errored":0,"retried":0,"total":21,"elapsed":215}
[debug] [2022-10-31T11:47:50.758Z] >>> [apiv2][query] POST https://firebasehosting.googleapis.com/v1beta1/projects/747854309345/sites/blipquiz/versions/b7de960e8c7861da:populateFiles [none]
[debug] [2022-10-31T11:47:50.758Z] >>> [apiv2][body] POST https://firebasehosting.googleapis.com/v1beta1/projects/747854309345/sites/blipquiz/versions/b7de960e8c7861da:populateFiles {"files":{"/404.html":"daa499dd96d8229e73235345702ba32f0793f0c8e5c0d30e40e37a5872be57aa","/logo192.png":"3ee59515172ee198f3be375979df15ac5345183e656720a381b8872b2a39dc8b","/logo512.png":"ee7e2f3fdb8209c4b6fd7bef6ba50d1b9dba30a25bb5c3126df057e1cb6f5331","/asset-manifest.json":"13b38a8c2c4a0af72029aeb65f05ea53fa34d5f8ee52c25f8999cfc95e82180e","/manifest.json":"aff3449bdc238776f5d6d967f19ec491b36aed5fb7f23ccff6500736fd58494a","/favicon.ico":"eae62e993eb980ec8a25058c39d5a51feab118bd2100c4deebb2a9c158ec11f9","/index.html":"489e8bf84f0e61b902ed88a2fa71cb627c56c65d08aabda25e3fb65d03d9055f","/robots.txt":"bfe106a3fb878dc83461c86818bf74fc1bdc7f28538ba613cd3e775516ce8b49","/static/js/main.b546016f.js.LICENSE.txt":"ab6d469b2ccf4356e5ce1669ec2557d33d3e6d2f38c470362ec67946ea31a39b","/static/js/787.f892423b.chunk.js.map":"4dd482a3fd782dbbb2fb8077f698589591e5b4fae226cccd00f91ec96ba8c936","/static/css/main.5a5a6e1c.css":"e0d8706b1e8208f96e8fd5ba0bd7e808dfb49a59096fa9f5555fd6361fa01011","/static/js/787.f892423b.chunk.js":"f102dbe8004b76ac5176bba9c7408f1c1f8d4c08e2a38d6da773384896b67c09","/static/media/balls3.b85fc0a46eea1b682646.png":"aee032acc1e5f45033d4580c2e050957fe9634b55323c9246844eef3663ea8f4","/static/media/balls2.dd689bd430383f115cb5.png":"9b65fcf22589c45f97c4aff3b1fa90de58a98c40ec86da222c9d351247ceaf81","/static/media/flash-cards.8ef14b9e9eaf48f38761.png":"ed2f07e0cf18ddc197fa8bcd46b8f5e2f547057a1dd6720701f863e1b2aa623c","/static/media/logo.142b67a722bf4a028483.png":"44ccac4cfa83d74ce4c304d9baa7b11b91bc138a7d4ef40fd87d6617c521ecfa","/static/media/wave.617c61bf362fc11ea8ee732f3a65f2ab.svg":"b3928be35a7509d34eb0163e6d0de818b972a2d43d31ed96510a889e19985b3c","/static/media/wave4.5faca6d7003576e24a8bb364efc93d92.svg":"78a8735cd56db0ed9ecfc410981a07f75d2ba287868a5a06e50f132da21f617c","/static/css/main.5a5a6e1c.css.map":"dcdb74a41db6d27e6d820a432cbe504e1cc94ffe855e10941735d9364f8bcb52","/static/js/main.b546016f.js":"2d3cd5f2b5fbef3378e12b43f43bb1870cb49dd0e32a7272081392f743f6fac0","/static/js/main.b546016f.js.map":"a40e26e7c28c89030bbf3aa0f081ea5987d8a41151ad39c60d85bc383b8ed4f3"}}
[debug] [2022-10-31T11:47:58.114Z] <<< [apiv2][status] POST https://firebasehosting.googleapis.com/v1beta1/projects/747854309345/sites/blipquiz/versions/b7de960e8c7861da:populateFiles 200
[debug] [2022-10-31T11:47:58.115Z] <<< [apiv2][body] POST https://firebasehosting.googleapis.com/v1beta1/projects/747854309345/sites/blipquiz/versions/b7de960e8c7861da:populateFiles {"uploadUrl":"https://upload-firebasehosting.googleapis.com/upload/sites/blipquiz/versions/b7de960e8c7861da/files"}
[debug] [2022-10-31T11:47:58.116Z] [hosting][populate queue][FINAL] {"max":7361,"min":7361,"avg":7361,"active":0,"complete":1,"success":1,"errored":0,"retried":0,"total":1,"elapsed":7361}
[debug] [2022-10-31T11:47:58.117Z] [hosting] uploads queued: 0
[debug] [2022-10-31T11:47:58.117Z] [hosting][upload queue][FINAL] {"max":0,"min":9999999999,"avg":0,"active":0,"complete":0,"success":0,"errored":0,"retried":0,"total":0,"elapsed":1667216878117}
[info] +  hosting[blipquiz]: file upload complete 
[debug] [2022-10-31T11:47:58.122Z] [hosting] deploy completed after 7614ms
[debug] [2022-10-31T11:47:58.131Z] [
  {
    "config": {
      "public": "frontend/build",
      "ignore": [
        "firebase.json",
        "**/.*",
        "**/node_modules/**"
      ],
      "site": "blipquiz"
    },
    "version": "projects/747854309345/sites/blipquiz/versions/b7de960e8c7861da"
  }
]
[info] i  hosting[blipquiz]: finalizing version... 
[debug] [2022-10-31T11:47:58.135Z] >>> [apiv2][query] PATCH https://firebasehosting.googleapis.com/v1beta1/projects/-/sites/blipquiz/versions/b7de960e8c7861da updateMask=status%2Cconfig
[debug] [2022-10-31T11:47:58.135Z] >>> [apiv2][body] PATCH https://firebasehosting.googleapis.com/v1beta1/projects/-/sites/blipquiz/versions/b7de960e8c7861da {"status":"FINALIZED","config":{}}
